2024-07-02 11:33:44,287 - Converting npy files to CSV...
2024-07-02 11:33:44,287 - Reading files now.
2024-07-02 11:33:50,178 - Loaded node_year
2024-07-02 11:33:52,863 - Loaded node_label
2024-07-02 11:33:57,380 - Loaded ids
2024-07-02 11:40:20,164 - Loaded node_feat
2024-07-02 11:40:20,362 - Found 109513174 NaN values and 1546782 non-NaN values in node_label
2024-07-02 11:41:29,374 - Processed data/papers100M/nodes_split/nodes_chunk_0.csv
2024-07-02 11:42:38,767 - Processed data/papers100M/nodes_split/nodes_chunk_1.csv
2024-07-02 11:43:48,212 - Processed data/papers100M/nodes_split/nodes_chunk_2.csv
2024-07-02 11:44:57,451 - Processed data/papers100M/nodes_split/nodes_chunk_3.csv
2024-07-02 11:46:06,699 - Processed data/papers100M/nodes_split/nodes_chunk_4.csv
2024-07-02 11:47:15,980 - Processed data/papers100M/nodes_split/nodes_chunk_5.csv
2024-07-02 11:48:25,975 - Processed data/papers100M/nodes_split/nodes_chunk_6.csv
2024-07-02 11:49:35,049 - Processed data/papers100M/nodes_split/nodes_chunk_7.csv
2024-07-02 11:50:44,935 - Processed data/papers100M/nodes_split/nodes_chunk_8.csv
2024-07-02 11:51:53,859 - Processed data/papers100M/nodes_split/nodes_chunk_9.csv
2024-07-02 11:53:03,206 - Processed data/papers100M/nodes_split/nodes_chunk_10.csv
2024-07-02 11:54:12,284 - Processed data/papers100M/nodes_split/nodes_chunk_11.csv
2024-07-02 11:55:21,713 - Processed data/papers100M/nodes_split/nodes_chunk_12.csv
2024-07-02 11:56:31,594 - Processed data/papers100M/nodes_split/nodes_chunk_13.csv
2024-07-02 11:57:40,842 - Processed data/papers100M/nodes_split/nodes_chunk_14.csv
2024-07-02 11:58:50,329 - Processed data/papers100M/nodes_split/nodes_chunk_15.csv
2024-07-02 12:00:02,212 - Processed data/papers100M/nodes_split/nodes_chunk_16.csv
2024-07-02 12:01:13,332 - Processed data/papers100M/nodes_split/nodes_chunk_17.csv
2024-07-02 12:02:22,799 - Processed data/papers100M/nodes_split/nodes_chunk_18.csv
2024-07-02 12:03:32,211 - Processed data/papers100M/nodes_split/nodes_chunk_19.csv
2024-07-02 12:04:41,548 - Processed data/papers100M/nodes_split/nodes_chunk_20.csv
2024-07-02 12:05:50,698 - Processed data/papers100M/nodes_split/nodes_chunk_21.csv
2024-07-02 12:07:00,015 - Processed data/papers100M/nodes_split/nodes_chunk_22.csv
2024-07-02 12:08:09,541 - Processed data/papers100M/nodes_split/nodes_chunk_23.csv
2024-07-02 12:09:19,951 - Processed data/papers100M/nodes_split/nodes_chunk_24.csv
2024-07-02 12:10:30,419 - Processed data/papers100M/nodes_split/nodes_chunk_25.csv
2024-07-02 12:11:40,600 - Processed data/papers100M/nodes_split/nodes_chunk_26.csv
2024-07-02 12:12:49,945 - Processed data/papers100M/nodes_split/nodes_chunk_27.csv
2024-07-02 12:13:59,278 - Processed data/papers100M/nodes_split/nodes_chunk_28.csv
2024-07-02 12:15:08,723 - Processed data/papers100M/nodes_split/nodes_chunk_29.csv
2024-07-02 12:16:18,309 - Processed data/papers100M/nodes_split/nodes_chunk_30.csv
2024-07-02 12:17:27,815 - Processed data/papers100M/nodes_split/nodes_chunk_31.csv
2024-07-02 12:18:38,132 - Processed data/papers100M/nodes_split/nodes_chunk_32.csv
2024-07-02 12:19:47,324 - Processed data/papers100M/nodes_split/nodes_chunk_33.csv
2024-07-02 12:20:56,634 - Processed data/papers100M/nodes_split/nodes_chunk_34.csv
2024-07-02 12:22:05,898 - Processed data/papers100M/nodes_split/nodes_chunk_35.csv
2024-07-02 12:23:15,209 - Processed data/papers100M/nodes_split/nodes_chunk_36.csv
2024-07-02 12:24:24,649 - Processed data/papers100M/nodes_split/nodes_chunk_37.csv
2024-07-02 12:25:34,342 - Processed data/papers100M/nodes_split/nodes_chunk_38.csv
2024-07-02 12:26:43,669 - Processed data/papers100M/nodes_split/nodes_chunk_39.csv
2024-07-02 12:27:53,664 - Processed data/papers100M/nodes_split/nodes_chunk_40.csv
2024-07-02 12:29:03,086 - Processed data/papers100M/nodes_split/nodes_chunk_41.csv
2024-07-02 12:30:12,640 - Processed data/papers100M/nodes_split/nodes_chunk_42.csv
2024-07-02 12:31:22,298 - Processed data/papers100M/nodes_split/nodes_chunk_43.csv
2024-07-02 12:32:32,314 - Processed data/papers100M/nodes_split/nodes_chunk_44.csv
2024-07-02 12:33:42,072 - Processed data/papers100M/nodes_split/nodes_chunk_45.csv
2024-07-02 12:34:51,348 - Processed data/papers100M/nodes_split/nodes_chunk_46.csv
2024-07-02 12:36:00,993 - Processed data/papers100M/nodes_split/nodes_chunk_47.csv
2024-07-02 12:37:10,463 - Processed data/papers100M/nodes_split/nodes_chunk_48.csv
2024-07-02 12:38:20,587 - Processed data/papers100M/nodes_split/nodes_chunk_49.csv
2024-07-02 12:39:30,030 - Processed data/papers100M/nodes_split/nodes_chunk_50.csv
2024-07-02 12:40:39,233 - Processed data/papers100M/nodes_split/nodes_chunk_51.csv
2024-07-02 12:41:49,073 - Processed data/papers100M/nodes_split/nodes_chunk_52.csv
2024-07-02 12:42:58,663 - Processed data/papers100M/nodes_split/nodes_chunk_53.csv
2024-07-02 12:44:08,294 - Processed data/papers100M/nodes_split/nodes_chunk_54.csv
2024-07-02 12:45:17,901 - Processed data/papers100M/nodes_split/nodes_chunk_55.csv
2024-07-02 12:46:28,547 - Processed data/papers100M/nodes_split/nodes_chunk_56.csv
2024-07-02 12:47:38,086 - Processed data/papers100M/nodes_split/nodes_chunk_57.csv
2024-07-02 12:48:48,041 - Processed data/papers100M/nodes_split/nodes_chunk_58.csv
2024-07-02 12:49:57,433 - Processed data/papers100M/nodes_split/nodes_chunk_59.csv
2024-07-02 12:51:07,231 - Processed data/papers100M/nodes_split/nodes_chunk_60.csv
2024-07-02 12:52:16,711 - Processed data/papers100M/nodes_split/nodes_chunk_61.csv
2024-07-02 12:53:26,673 - Processed data/papers100M/nodes_split/nodes_chunk_62.csv
2024-07-02 12:54:36,077 - Processed data/papers100M/nodes_split/nodes_chunk_63.csv
2024-07-02 12:55:45,779 - Processed data/papers100M/nodes_split/nodes_chunk_64.csv
2024-07-02 12:56:55,387 - Processed data/papers100M/nodes_split/nodes_chunk_65.csv
2024-07-02 12:58:05,809 - Processed data/papers100M/nodes_split/nodes_chunk_66.csv
2024-07-02 12:59:15,096 - Processed data/papers100M/nodes_split/nodes_chunk_67.csv
2024-07-02 13:00:24,691 - Processed data/papers100M/nodes_split/nodes_chunk_68.csv
2024-07-02 13:01:34,397 - Processed data/papers100M/nodes_split/nodes_chunk_69.csv
2024-07-02 13:02:43,723 - Processed data/papers100M/nodes_split/nodes_chunk_70.csv
2024-07-02 13:03:52,805 - Processed data/papers100M/nodes_split/nodes_chunk_71.csv
2024-07-02 13:05:02,842 - Processed data/papers100M/nodes_split/nodes_chunk_72.csv
2024-07-02 13:06:12,488 - Processed data/papers100M/nodes_split/nodes_chunk_73.csv
2024-07-02 13:07:21,983 - Processed data/papers100M/nodes_split/nodes_chunk_74.csv
2024-07-02 13:08:31,514 - Processed data/papers100M/nodes_split/nodes_chunk_75.csv
2024-07-02 13:09:40,936 - Processed data/papers100M/nodes_split/nodes_chunk_76.csv
2024-07-02 13:10:50,315 - Processed data/papers100M/nodes_split/nodes_chunk_77.csv
2024-07-02 13:11:59,703 - Processed data/papers100M/nodes_split/nodes_chunk_78.csv
2024-07-02 13:13:09,009 - Processed data/papers100M/nodes_split/nodes_chunk_79.csv
2024-07-02 13:14:18,454 - Processed data/papers100M/nodes_split/nodes_chunk_80.csv
2024-07-02 13:15:28,327 - Processed data/papers100M/nodes_split/nodes_chunk_81.csv
2024-07-02 13:16:38,067 - Processed data/papers100M/nodes_split/nodes_chunk_82.csv
2024-07-02 13:17:47,658 - Processed data/papers100M/nodes_split/nodes_chunk_83.csv
2024-07-02 13:18:57,364 - Processed data/papers100M/nodes_split/nodes_chunk_84.csv
2024-07-02 13:20:06,650 - Processed data/papers100M/nodes_split/nodes_chunk_85.csv
2024-07-02 13:21:16,350 - Processed data/papers100M/nodes_split/nodes_chunk_86.csv
2024-07-02 13:22:25,884 - Processed data/papers100M/nodes_split/nodes_chunk_87.csv
2024-07-02 13:23:35,394 - Processed data/papers100M/nodes_split/nodes_chunk_88.csv
2024-07-02 13:24:45,867 - Processed data/papers100M/nodes_split/nodes_chunk_89.csv
2024-07-02 13:25:55,409 - Processed data/papers100M/nodes_split/nodes_chunk_90.csv
2024-07-02 13:27:05,066 - Processed data/papers100M/nodes_split/nodes_chunk_91.csv
2024-07-02 13:28:15,073 - Processed data/papers100M/nodes_split/nodes_chunk_92.csv
2024-07-02 13:29:24,545 - Processed data/papers100M/nodes_split/nodes_chunk_93.csv
2024-07-02 13:30:34,334 - Processed data/papers100M/nodes_split/nodes_chunk_94.csv
2024-07-02 13:31:43,806 - Processed data/papers100M/nodes_split/nodes_chunk_95.csv
2024-07-02 13:32:53,342 - Processed data/papers100M/nodes_split/nodes_chunk_96.csv
2024-07-02 13:34:03,007 - Processed data/papers100M/nodes_split/nodes_chunk_97.csv
2024-07-02 13:35:12,641 - Processed data/papers100M/nodes_split/nodes_chunk_98.csv
2024-07-02 13:36:22,109 - Processed data/papers100M/nodes_split/nodes_chunk_99.csv
2024-07-02 13:37:31,839 - Processed data/papers100M/nodes_split/nodes_chunk_100.csv
2024-07-02 13:38:41,551 - Processed data/papers100M/nodes_split/nodes_chunk_101.csv
2024-07-02 13:39:51,068 - Processed data/papers100M/nodes_split/nodes_chunk_102.csv
2024-07-02 13:41:00,665 - Processed data/papers100M/nodes_split/nodes_chunk_103.csv
2024-07-02 13:42:10,350 - Processed data/papers100M/nodes_split/nodes_chunk_104.csv
2024-07-02 13:43:19,855 - Processed data/papers100M/nodes_split/nodes_chunk_105.csv
2024-07-02 13:44:29,372 - Processed data/papers100M/nodes_split/nodes_chunk_106.csv
2024-07-02 13:45:38,718 - Processed data/papers100M/nodes_split/nodes_chunk_107.csv
2024-07-02 13:46:48,680 - Processed data/papers100M/nodes_split/nodes_chunk_108.csv
2024-07-02 13:47:58,733 - Processed data/papers100M/nodes_split/nodes_chunk_109.csv
2024-07-02 13:49:08,579 - Processed data/papers100M/nodes_split/nodes_chunk_110.csv
2024-07-02 13:49:13,101 - Processed data/papers100M/nodes_split/nodes_chunk_111.csv
