sending incremental file list
neo4j-community-5.21.0/
neo4j-community-5.21.0/LICENSE.txt
neo4j-community-5.21.0/LICENSES.txt
neo4j-community-5.21.0/NOTICE.txt
neo4j-community-5.21.0/README.txt
neo4j-community-5.21.0/UPGRADE.txt
neo4j-community-5.21.0/import.report
neo4j-community-5.21.0/packaging_info
neo4j-community-5.21.0/bin/
neo4j-community-5.21.0/bin/cypher-shell
neo4j-community-5.21.0/bin/neo4j
neo4j-community-5.21.0/bin/neo4j-admin
neo4j-community-5.21.0/bin/completion/
neo4j-community-5.21.0/bin/completion/neo4j-admin_completion
neo4j-community-5.21.0/bin/completion/neo4j_completion
neo4j-community-5.21.0/certificates/
neo4j-community-5.21.0/conf/
neo4j-community-5.21.0/conf/neo4j-admin.conf
neo4j-community-5.21.0/conf/neo4j.conf
neo4j-community-5.21.0/conf/server-logs.xml
neo4j-community-5.21.0/conf/user-logs.xml
neo4j-community-5.21.0/data/
neo4j-community-5.21.0/data/server_id
neo4j-community-5.21.0/data/databases/
neo4j-community-5.21.0/data/databases/store_lock
neo4j-community-5.21.0/data/databases/neo4j/
neo4j-community-5.21.0/data/databases/neo4j/database_lock
neo4j-community-5.21.0/data/databases/neo4j/id-buffer.tmp.0
neo4j-community-5.21.0/data/databases/neo4j/neostore
neo4j-community-5.21.0/data/databases/neo4j/neostore.counts.db
neo4j-community-5.21.0/data/databases/neo4j/neostore.indexstats.db
neo4j-community-5.21.0/data/databases/neo4j/neostore.labeltokenstore.db
neo4j-community-5.21.0/data/databases/neo4j/neostore.labeltokenstore.db.id
neo4j-community-5.21.0/data/databases/neo4j/neostore.labeltokenstore.db.names
neo4j-community-5.21.0/data/databases/neo4j/neostore.labeltokenstore.db.names.id
neo4j-community-5.21.0/data/databases/neo4j/neostore.nodestore.db
neo4j-community-5.21.0/data/databases/neo4j/neostore.nodestore.db.id
neo4j-community-5.21.0/data/databases/neo4j/neostore.nodestore.db.labels
neo4j-community-5.21.0/data/databases/neo4j/neostore.nodestore.db.labels.id
neo4j-community-5.21.0/data/databases/neo4j/neostore.propertystore.db
neo4j-community-5.21.0/data/databases/neo4j/neostore.propertystore.db.arrays
neo4j-community-5.21.0/data/databases/neo4j/neostore.propertystore.db.arrays.id
neo4j-community-5.21.0/data/databases/neo4j/neostore.propertystore.db.id
neo4j-community-5.21.0/data/databases/neo4j/neostore.propertystore.db.index
neo4j-community-5.21.0/data/databases/neo4j/neostore.propertystore.db.index.id
neo4j-community-5.21.0/data/databases/neo4j/neostore.propertystore.db.index.keys
neo4j-community-5.21.0/data/databases/neo4j/neostore.propertystore.db.index.keys.id
neo4j-community-5.21.0/data/databases/neo4j/neostore.propertystore.db.strings
neo4j-community-5.21.0/data/databases/neo4j/neostore.propertystore.db.strings.id
neo4j-community-5.21.0/data/databases/neo4j/neostore.relationshipgroupstore.db
neo4j-community-5.21.0/data/databases/neo4j/neostore.relationshipgroupstore.db.id
neo4j-community-5.21.0/data/databases/neo4j/neostore.relationshipgroupstore.degrees.db
neo4j-community-5.21.0/data/databases/neo4j/neostore.relationshipstore.db
neo4j-community-5.21.0/data/databases/neo4j/neostore.relationshipstore.db.id
neo4j-community-5.21.0/data/databases/neo4j/neostore.relationshiptypestore.db
neo4j-community-5.21.0/data/databases/neo4j/neostore.relationshiptypestore.db.id
neo4j-community-5.21.0/data/databases/neo4j/neostore.relationshiptypestore.db.names
neo4j-community-5.21.0/data/databases/neo4j/neostore.relationshiptypestore.db.names.id
neo4j-community-5.21.0/data/databases/neo4j/neostore.schemastore.db
neo4j-community-5.21.0/data/databases/neo4j/neostore.schemastore.db.id
neo4j-community-5.21.0/data/databases/neo4j/schema/
neo4j-community-5.21.0/data/databases/neo4j/schema/index/
neo4j-community-5.21.0/data/databases/neo4j/schema/index/token-lookup-1.0/
neo4j-community-5.21.0/data/databases/neo4j/schema/index/token-lookup-1.0/1/
neo4j-community-5.21.0/data/databases/neo4j/schema/index/token-lookup-1.0/1/index-1
neo4j-community-5.21.0/data/databases/neo4j/schema/index/token-lookup-1.0/2/
neo4j-community-5.21.0/data/databases/neo4j/schema/index/token-lookup-1.0/2/index-2
neo4j-community-5.21.0/data/databases/system/
neo4j-community-5.21.0/data/databases/system/database_lock
neo4j-community-5.21.0/data/databases/system/id-buffer.tmp.0
neo4j-community-5.21.0/data/databases/system/neostore
neo4j-community-5.21.0/data/databases/system/neostore.counts.db
neo4j-community-5.21.0/data/databases/system/neostore.indexstats.db
neo4j-community-5.21.0/data/databases/system/neostore.labeltokenstore.db
neo4j-community-5.21.0/data/databases/system/neostore.labeltokenstore.db.id
neo4j-community-5.21.0/data/databases/system/neostore.labeltokenstore.db.names
neo4j-community-5.21.0/data/databases/system/neostore.labeltokenstore.db.names.id
neo4j-community-5.21.0/data/databases/system/neostore.nodestore.db
neo4j-community-5.21.0/data/databases/system/neostore.nodestore.db.id
neo4j-community-5.21.0/data/databases/system/neostore.nodestore.db.labels
neo4j-community-5.21.0/data/databases/system/neostore.nodestore.db.labels.id
neo4j-community-5.21.0/data/databases/system/neostore.propertystore.db
neo4j-community-5.21.0/data/databases/system/neostore.propertystore.db.arrays
neo4j-community-5.21.0/data/databases/system/neostore.propertystore.db.arrays.id
neo4j-community-5.21.0/data/databases/system/neostore.propertystore.db.id
neo4j-community-5.21.0/data/databases/system/neostore.propertystore.db.index
neo4j-community-5.21.0/data/databases/system/neostore.propertystore.db.index.id
neo4j-community-5.21.0/data/databases/system/neostore.propertystore.db.index.keys
neo4j-community-5.21.0/data/databases/system/neostore.propertystore.db.index.keys.id
neo4j-community-5.21.0/data/databases/system/neostore.propertystore.db.strings
neo4j-community-5.21.0/data/databases/system/neostore.propertystore.db.strings.id
neo4j-community-5.21.0/data/databases/system/neostore.relationshipgroupstore.db
neo4j-community-5.21.0/data/databases/system/neostore.relationshipgroupstore.db.id
neo4j-community-5.21.0/data/databases/system/neostore.relationshipgroupstore.degrees.db
neo4j-community-5.21.0/data/databases/system/neostore.relationshipstore.db
neo4j-community-5.21.0/data/databases/system/neostore.relationshipstore.db.id
neo4j-community-5.21.0/data/databases/system/neostore.relationshiptypestore.db
neo4j-community-5.21.0/data/databases/system/neostore.relationshiptypestore.db.id
neo4j-community-5.21.0/data/databases/system/neostore.relationshiptypestore.db.names
neo4j-community-5.21.0/data/databases/system/neostore.relationshiptypestore.db.names.id
neo4j-community-5.21.0/data/databases/system/neostore.schemastore.db
neo4j-community-5.21.0/data/databases/system/neostore.schemastore.db.id
neo4j-community-5.21.0/data/databases/system/schema/
neo4j-community-5.21.0/data/databases/system/schema/index/
neo4j-community-5.21.0/data/databases/system/schema/index/range-1.0/
neo4j-community-5.21.0/data/databases/system/schema/index/range-1.0/3/
neo4j-community-5.21.0/data/databases/system/schema/index/range-1.0/3/index-3
neo4j-community-5.21.0/data/databases/system/schema/index/range-1.0/4/
neo4j-community-5.21.0/data/databases/system/schema/index/range-1.0/4/index-4
neo4j-community-5.21.0/data/databases/system/schema/index/range-1.0/7/
neo4j-community-5.21.0/data/databases/system/schema/index/range-1.0/7/index-7
neo4j-community-5.21.0/data/databases/system/schema/index/range-1.0/8/
neo4j-community-5.21.0/data/databases/system/schema/index/range-1.0/8/index-8
neo4j-community-5.21.0/data/databases/system/schema/index/range-1.0/9/
neo4j-community-5.21.0/data/databases/system/schema/index/range-1.0/9/index-9
neo4j-community-5.21.0/data/databases/system/schema/index/token-lookup-1.0/
neo4j-community-5.21.0/data/databases/system/schema/index/token-lookup-1.0/1/
neo4j-community-5.21.0/data/databases/system/schema/index/token-lookup-1.0/1/index-1
neo4j-community-5.21.0/data/databases/system/schema/index/token-lookup-1.0/2/
neo4j-community-5.21.0/data/databases/system/schema/index/token-lookup-1.0/2/index-2
neo4j-community-5.21.0/data/transactions/
neo4j-community-5.21.0/data/transactions/neo4j/
neo4j-community-5.21.0/data/transactions/neo4j/checkpoint.0
neo4j-community-5.21.0/data/transactions/neo4j/neostore.transaction.db.0
neo4j-community-5.21.0/data/transactions/system/
neo4j-community-5.21.0/data/transactions/system/checkpoint.0
neo4j-community-5.21.0/data/transactions/system/neostore.transaction.db.0
neo4j-community-5.21.0/import/
neo4j-community-5.21.0/labs/
neo4j-community-5.21.0/labs/LICENSE
neo4j-community-5.21.0/labs/README.txt
neo4j-community-5.21.0/labs/apoc-core-5.21.0-core.jar
neo4j-community-5.21.0/lib/
neo4j-community-5.21.0/lib/FastInfoset-1.2.16.jar
neo4j-community-5.21.0/lib/WMI4Java-1.6.3.jar
neo4j-community-5.21.0/lib/animal-sniffer-annotations-1.23.jar
neo4j-community-5.21.0/lib/annotations-5.21.0.jar
neo4j-community-5.21.0/lib/antlr4-runtime-4.13.1.jar
neo4j-community-5.21.0/lib/argparse4j-0.9.0.jar
neo4j-community-5.21.0/lib/arrow-bom-5.21.0.pom
neo4j-community-5.21.0/lib/arrow-format-16.0.0.jar
neo4j-community-5.21.0/lib/arrow-memory-core-16.0.0.jar
neo4j-community-5.21.0/lib/arrow-memory-netty-16.0.0.jar
neo4j-community-5.21.0/lib/arrow-memory-netty-buffer-patch-16.0.0.jar
neo4j-community-5.21.0/lib/arrow-vector-16.0.0.jar
neo4j-community-5.21.0/lib/byte-buddy-1.14.14.jar
neo4j-community-5.21.0/lib/caffeine-3.1.8.jar
neo4j-community-5.21.0/lib/commons-codec-1.17.0.jar
neo4j-community-5.21.0/lib/commons-compress-1.26.1.jar
neo4j-community-5.21.0/lib/commons-configuration2-2.10.1.jar
neo4j-community-5.21.0/lib/commons-io-2.16.1.jar
neo4j-community-5.21.0/lib/commons-lang3-3.14.0.jar
neo4j-community-5.21.0/lib/commons-logging-1.3.1.jar
neo4j-community-5.21.0/lib/commons-text-1.12.0.jar
neo4j-community-5.21.0/lib/cypher-antlr-ast-common-5.21.0.jar
neo4j-community-5.21.0/lib/cypher-antlr-common-5.21.0.jar
neo4j-community-5.21.0/lib/cypher-ast-factory-5.21.0.jar
neo4j-community-5.21.0/lib/cypher-parser-ast-common-5.21.0.jar
neo4j-community-5.21.0/lib/cypher-parser-common-5.21.0.jar
neo4j-community-5.21.0/lib/cypher-shell-5.21.0.jar
neo4j-community-5.21.0/lib/cypher-v5-antlr-parser-5.21.0.jar
neo4j-community-5.21.0/lib/cypher-v5-ast-factory-5.21.0.jar
neo4j-community-5.21.0/lib/cypher-v5-literal-interpreter-5.21.0.jar
neo4j-community-5.21.0/lib/cypher-v5-parser-listener-5.21.0.jar
neo4j-community-5.21.0/lib/eclipse-collections-11.1.0.jar
neo4j-community-5.21.0/lib/eclipse-collections-api-11.1.0.jar
neo4j-community-5.21.0/lib/failureaccess-1.0.2.jar
neo4j-community-5.21.0/lib/flatbuffers-java-23.5.26.jar
neo4j-community-5.21.0/lib/flight-core-16.0.0.jar
neo4j-community-5.21.0/lib/grpc-api-1.63.0.jar
neo4j-community-5.21.0/lib/grpc-context-1.63.0.jar
neo4j-community-5.21.0/lib/grpc-core-1.63.0.jar
neo4j-community-5.21.0/lib/grpc-netty-1.63.0.jar
neo4j-community-5.21.0/lib/grpc-protobuf-1.63.0.jar
neo4j-community-5.21.0/lib/grpc-protobuf-lite-1.62.2.jar
neo4j-community-5.21.0/lib/grpc-stub-1.63.0.jar
neo4j-community-5.21.0/lib/grpc-util-1.62.2.jar
neo4j-community-5.21.0/lib/gson-2.10.1.jar
neo4j-community-5.21.0/lib/guava-33.2.0-jre.jar
neo4j-community-5.21.0/lib/hk2-api-2.6.1.jar
neo4j-community-5.21.0/lib/hk2-locator-2.6.1.jar
neo4j-community-5.21.0/lib/hk2-utils-2.6.1.jar
neo4j-community-5.21.0/lib/http2-common-10.0.20.jar
neo4j-community-5.21.0/lib/http2-hpack-10.0.20.jar
neo4j-community-5.21.0/lib/http2-server-10.0.20.jar
neo4j-community-5.21.0/lib/ipaddress-5.5.0.jar
neo4j-community-5.21.0/lib/istack-commons-runtime-3.0.8.jar
neo4j-community-5.21.0/lib/jPowerShell-3.0.jar
neo4j-community-5.21.0/lib/jProcesses-1.6.5.jar
neo4j-community-5.21.0/lib/jackson-annotations-2.17.0.jar
neo4j-community-5.21.0/lib/jackson-core-2.17.0.jar
neo4j-community-5.21.0/lib/jackson-databind-2.17.0.jar
neo4j-community-5.21.0/lib/jackson-datatype-jsr310-2.17.0.jar
neo4j-community-5.21.0/lib/jackson-jaxrs-base-2.17.0.jar
neo4j-community-5.21.0/lib/jackson-jaxrs-json-provider-2.17.0.jar
neo4j-community-5.21.0/lib/jackson-module-jaxb-annotations-2.17.0.jar
neo4j-community-5.21.0/lib/jakarta.activation-api-1.2.2.jar
neo4j-community-5.21.0/lib/jakarta.annotation-api-1.3.5.jar
neo4j-community-5.21.0/lib/jakarta.inject-2.6.1.jar
neo4j-community-5.21.0/lib/jakarta.validation-api-2.0.2.jar
neo4j-community-5.21.0/lib/jakarta.ws.rs-api-2.1.6.jar
neo4j-community-5.21.0/lib/jakarta.xml.bind-api-2.3.2.jar
neo4j-community-5.21.0/lib/jansi-2.4.0.jar
neo4j-community-5.21.0/lib/javassist-3.25.0-GA.jar
neo4j-community-5.21.0/lib/jaxb-runtime-2.3.2.jar
neo4j-community-5.21.0/lib/jctools-core-4.0.3.jar
neo4j-community-5.21.0/lib/jersey-client-2.34.jar
neo4j-community-5.21.0/lib/jersey-common-2.34.jar
neo4j-community-5.21.0/lib/jersey-container-servlet-2.34.jar
neo4j-community-5.21.0/lib/jersey-container-servlet-core-2.34.jar
neo4j-community-5.21.0/lib/jersey-hk2-2.34.jar
neo4j-community-5.21.0/lib/jersey-server-2.34.jar
neo4j-community-5.21.0/lib/jettison-1.5.4.jar
neo4j-community-5.21.0/lib/jetty-alpn-java-server-10.0.20.jar
neo4j-community-5.21.0/lib/jetty-alpn-server-10.0.20.jar
neo4j-community-5.21.0/lib/jetty-http-10.0.20.jar
neo4j-community-5.21.0/lib/jetty-io-10.0.20.jar
neo4j-community-5.21.0/lib/jetty-security-10.0.20.jar
neo4j-community-5.21.0/lib/jetty-server-10.0.20.jar
neo4j-community-5.21.0/lib/jetty-servlet-10.0.20.jar
neo4j-community-5.21.0/lib/jetty-servlet-api-4.0.6.jar
neo4j-community-5.21.0/lib/jetty-util-10.0.20.jar
neo4j-community-5.21.0/lib/jetty-webapp-10.0.20.jar
neo4j-community-5.21.0/lib/jetty-xml-10.0.20.jar
neo4j-community-5.21.0/lib/jline-reader-3.21.0.jar
neo4j-community-5.21.0/lib/jline-terminal-3.21.0.jar
neo4j-community-5.21.0/lib/jline-terminal-jansi-3.21.0.jar
neo4j-community-5.21.0/lib/jna-5.14.0.jar
neo4j-community-5.21.0/lib/jsr305-3.0.2.jar
neo4j-community-5.21.0/lib/kiama_2.13-2.5.1.jar
neo4j-community-5.21.0/lib/listenablefuture-9999.0-empty-to-avoid-conflict-with-guava.jar
neo4j-community-5.21.0/lib/log4j-api-2.20.0.jar
neo4j-community-5.21.0/lib/log4j-core-2.20.0.jar
neo4j-community-5.21.0/lib/log4j-layout-template-json-2.20.0.jar
neo4j-community-5.21.0/lib/lucene-analysis-common-9.10.0.jar
neo4j-community-5.21.0/lib/lucene-backward-codecs-9.10.0.jar
neo4j-community-5.21.0/lib/lucene-core-9.10.0.jar
neo4j-community-5.21.0/lib/lucene-queryparser-9.10.0.jar
neo4j-community-5.21.0/lib/magnolia_2.13-1.1.8.jar
neo4j-community-5.21.0/lib/neo4j-5.21.0.jar
neo4j-community-5.21.0/lib/neo4j-ast-5.21.0.jar
neo4j-community-5.21.0/lib/neo4j-bolt-5.21.0.jar
neo4j-community-5.21.0/lib/neo4j-bootcheck-5.21.0.jar
neo4j-community-5.21.0/lib/neo4j-browser-5.21.0.jar
neo4j-community-5.21.0/lib/neo4j-capabilities-5.21.0.jar
neo4j-community-5.21.0/lib/neo4j-cloud-5.21.0.jar
neo4j-community-5.21.0/lib/neo4j-codegen-5.21.0.jar
neo4j-community-5.21.0/lib/neo4j-collections-5.21.0.jar
neo4j-community-5.21.0/lib/neo4j-command-line-5.21.0.jar
neo4j-community-5.21.0/lib/neo4j-common-5.21.0.jar
neo4j-community-5.21.0/lib/neo4j-concurrent-5.21.0.jar
neo4j-community-5.21.0/lib/neo4j-configuration-5.21.0.jar
neo4j-community-5.21.0/lib/neo4j-consistency-check-5.21.0.jar
neo4j-community-5.21.0/lib/neo4j-csv-5.21.0.jar
neo4j-community-5.21.0/lib/neo4j-cypher-5.21.0.jar
neo4j-community-5.21.0/lib/neo4j-cypher-ast-factory-5.21.0.jar
neo4j-community-5.21.0/lib/neo4j-cypher-cache-5.21.0.jar
neo4j-community-5.21.0/lib/neo4j-cypher-config-5.21.0.jar
neo4j-community-5.21.0/lib/neo4j-cypher-dsl-2023.9.7.jar
neo4j-community-5.21.0/lib/neo4j-cypher-expression-evaluator-5.21.0.jar
neo4j-community-5.21.0/lib/neo4j-cypher-interpreted-runtime-5.21.0.jar
neo4j-community-5.21.0/lib/neo4j-cypher-ir-5.21.0.jar
neo4j-community-5.21.0/lib/neo4j-cypher-javacc-parser-5.21.0.jar
neo4j-community-5.21.0/lib/neo4j-cypher-logical-plans-5.21.0.jar
neo4j-community-5.21.0/lib/neo4j-cypher-macros-5.21.0.jar
neo4j-community-5.21.0/lib/neo4j-cypher-physical-planning-5.21.0.jar
neo4j-community-5.21.0/lib/neo4j-cypher-planner-5.21.0.jar
neo4j-community-5.21.0/lib/neo4j-cypher-planner-spi-5.21.0.jar
neo4j-community-5.21.0/lib/neo4j-cypher-rendering-5.21.0.jar
neo4j-community-5.21.0/lib/neo4j-cypher-runtime-util-5.21.0.jar
neo4j-community-5.21.0/lib/neo4j-cypher-slotted-runtime-5.21.0.jar
neo4j-community-5.21.0/lib/neo4j-data-collector-5.21.0.jar
neo4j-community-5.21.0/lib/neo4j-dbms-5.21.0.jar
neo4j-community-5.21.0/lib/neo4j-diagnostics-5.21.0.jar
neo4j-community-5.21.0/lib/neo4j-exceptions-5.21.0.jar
neo4j-community-5.21.0/lib/neo4j-expressions-5.21.0.jar
neo4j-community-5.21.0/lib/neo4j-fabric-5.21.0.jar
neo4j-community-5.21.0/lib/neo4j-front-end-5.21.0.jar
neo4j-community-5.21.0/lib/neo4j-fulltext-index-5.21.0.jar
neo4j-community-5.21.0/lib/neo4j-gql-status-5.21.0.jar
neo4j-community-5.21.0/lib/neo4j-graph-algo-5.21.0.jar
neo4j-community-5.21.0/lib/neo4j-graphdb-api-5.21.0.jar
neo4j-community-5.21.0/lib/neo4j-id-generator-5.21.0.jar
neo4j-community-5.21.0/lib/neo4j-import-tool-5.21.0.jar
neo4j-community-5.21.0/lib/neo4j-import-util-5.21.0.jar
neo4j-community-5.21.0/lib/neo4j-index-5.21.0.jar
neo4j-community-5.21.0/lib/neo4j-io-5.21.0.jar
neo4j-community-5.21.0/lib/neo4j-java-driver-5.21.0.jar
neo4j-community-5.21.0/lib/neo4j-kernel-5.21.0.jar
neo4j-community-5.21.0/lib/neo4j-kernel-api-5.21.0.jar
neo4j-community-5.21.0/lib/neo4j-layout-5.21.0.jar
neo4j-community-5.21.0/lib/neo4j-lock-5.21.0.jar
neo4j-community-5.21.0/lib/neo4j-logging-5.21.0.jar
neo4j-community-5.21.0/lib/neo4j-lucene-index-5.21.0.jar
neo4j-community-5.21.0/lib/neo4j-monitoring-5.21.0.jar
neo4j-community-5.21.0/lib/neo4j-native-5.21.0.jar
neo4j-community-5.21.0/lib/neo4j-notifications-5.21.0.jar
neo4j-community-5.21.0/lib/neo4j-procedure-5.21.0.jar
neo4j-community-5.21.0/lib/neo4j-procedure-api-5.21.0.jar
neo4j-community-5.21.0/lib/neo4j-push-to-cloud-5.21.0.jar
neo4j-community-5.21.0/lib/neo4j-query-router-5.21.0.jar
neo4j-community-5.21.0/lib/neo4j-record-storage-engine-5.21.0.jar
neo4j-community-5.21.0/lib/neo4j-resource-5.21.0.jar
neo4j-community-5.21.0/lib/neo4j-rewriting-5.21.0.jar
neo4j-community-5.21.0/lib/neo4j-schema-5.21.0.jar
neo4j-community-5.21.0/lib/neo4j-security-5.21.0.jar
neo4j-community-5.21.0/lib/neo4j-server-5.21.0.jar
neo4j-community-5.21.0/lib/neo4j-slf4j-provider-5.21.0.jar
neo4j-community-5.21.0/lib/neo4j-spatial-index-5.21.0.jar
neo4j-community-5.21.0/lib/neo4j-ssl-5.21.0.jar
neo4j-community-5.21.0/lib/neo4j-storage-engine-util-5.21.0.jar
neo4j-community-5.21.0/lib/neo4j-token-api-5.21.0.jar
neo4j-community-5.21.0/lib/neo4j-udc-5.21.0.jar
neo4j-community-5.21.0/lib/neo4j-unsafe-5.21.0.jar
neo4j-community-5.21.0/lib/neo4j-util-5.21.0.jar
neo4j-community-5.21.0/lib/neo4j-values-5.21.0.jar
neo4j-community-5.21.0/lib/neo4j-wal-5.21.0.jar
neo4j-community-5.21.0/lib/netty-buffer-4.1.110.Final.jar
neo4j-community-5.21.0/lib/netty-codec-4.1.110.Final.jar
neo4j-community-5.21.0/lib/netty-codec-http-4.1.110.Final.jar
neo4j-community-5.21.0/lib/netty-codec-http2-4.1.110.Final.jar
neo4j-community-5.21.0/lib/netty-codec-socks-4.1.110.Final.jar
neo4j-community-5.21.0/lib/netty-common-4.1.110.Final.jar
neo4j-community-5.21.0/lib/netty-handler-4.1.110.Final.jar
neo4j-community-5.21.0/lib/netty-handler-proxy-4.1.110.Final.jar
neo4j-community-5.21.0/lib/netty-resolver-4.1.110.Final.jar
neo4j-community-5.21.0/lib/netty-tcnative-2.0.65.Final-linux-aarch_64-fedora.jar
neo4j-community-5.21.0/lib/netty-tcnative-2.0.65.Final-linux-aarch_64.jar
neo4j-community-5.21.0/lib/netty-tcnative-2.0.65.Final-linux-x86_64-fedora.jar
neo4j-community-5.21.0/lib/netty-tcnative-2.0.65.Final-linux-x86_64.jar
neo4j-community-5.21.0/lib/netty-tcnative-classes-2.0.65.Final.jar
neo4j-community-5.21.0/lib/netty-transport-4.1.110.Final.jar
neo4j-community-5.21.0/lib/netty-transport-classes-epoll-4.1.110.Final.jar
neo4j-community-5.21.0/lib/netty-transport-classes-kqueue-4.1.110.Final.jar
neo4j-community-5.21.0/lib/netty-transport-native-epoll-4.1.110.Final-linux-aarch_64.jar
neo4j-community-5.21.0/lib/netty-transport-native-epoll-4.1.110.Final-linux-x86_64.jar
neo4j-community-5.21.0/lib/netty-transport-native-kqueue-4.1.110.Final-osx-aarch_64.jar
neo4j-community-5.21.0/lib/netty-transport-native-kqueue-4.1.110.Final-osx-x86_64.jar
neo4j-community-5.21.0/lib/netty-transport-native-unix-common-4.1.110.Final.jar
neo4j-community-5.21.0/lib/perfmark-api-0.26.0.jar
neo4j-community-5.21.0/lib/picocli-4.7.5.jar
neo4j-community-5.21.0/lib/proto-google-common-protos-2.38.0.jar
neo4j-community-5.21.0/lib/protobuf-java-3.25.2.jar
neo4j-community-5.21.0/lib/protobuf-java-util-3.25.3.jar
neo4j-community-5.21.0/lib/reactive-streams-1.0.4.jar
neo4j-community-5.21.0/lib/reactor-core-3.6.6.jar
neo4j-community-5.21.0/lib/scala-collection-contrib_2.13-0.3.0.jar
neo4j-community-5.21.0/lib/scala-library-2.13.11.jar
neo4j-community-5.21.0/lib/scala-reflect-2.13.11.jar
neo4j-community-5.21.0/lib/server-api-5.21.0.jar
neo4j-community-5.21.0/lib/shiro-cache-2.0.0.jar
neo4j-community-5.21.0/lib/shiro-config-core-2.0.0.jar
neo4j-community-5.21.0/lib/shiro-core-2.0.0.jar
neo4j-community-5.21.0/lib/shiro-crypto-cipher-2.0.0.jar
neo4j-community-5.21.0/lib/shiro-crypto-core-2.0.0.jar
neo4j-community-5.21.0/lib/shiro-crypto-hash-2.0.0.jar
neo4j-community-5.21.0/lib/shiro-event-2.0.0.jar
neo4j-community-5.21.0/lib/shiro-hashes-argon2-2.0.0.jar
neo4j-community-5.21.0/lib/shiro-hashes-bcrypt-2.0.0.jar
neo4j-community-5.21.0/lib/shiro-lang-2.0.0.jar
neo4j-community-5.21.0/lib/slf4j-api-2.0.9.jar
neo4j-community-5.21.0/lib/stax-ex-1.8.1.jar
neo4j-community-5.21.0/lib/txw2-2.3.2.jar
neo4j-community-5.21.0/lib/zstd-jni-1.5.6-3.jar
neo4j-community-5.21.0/lib/zstd-proxy-5.21.0.jar
neo4j-community-5.21.0/licenses/
neo4j-community-5.21.0/logs/
neo4j-community-5.21.0/logs/debug.log
neo4j-community-5.21.0/logs/http.log
neo4j-community-5.21.0/logs/neo4j.log
neo4j-community-5.21.0/logs/query.log
neo4j-community-5.21.0/logs/security.log
neo4j-community-5.21.0/plugins/
neo4j-community-5.21.0/plugins/README.txt
neo4j-community-5.21.0/run/

sent 680,314,276 bytes  received 6,824 bytes  43,891,683.87 bytes/sec
total size is 680,122,521  speedup is 1.00
Neo4j version: 5.21.0
Importing the contents of these files into /scratch/neo4j-community-5.21.0/data/databases/papers100m:
Nodes:
  [PAPER]:
  /data/coml-intersection-joins/kebl7757/ScalingGNNs/papers_100M_classification/data/papers100M/nodes_split/nodes_header.csv
  /data/coml-intersection-joins/kebl7757/ScalingGNNs/papers_100M_classification/data/papers100M/nodes_split/nodes_chunk_0.csv
  /data/coml-intersection-joins/kebl7757/ScalingGNNs/papers_100M_classification/data/papers100M/nodes_split/nodes_chunk_1.csv
  /data/coml-intersection-joins/kebl7757/ScalingGNNs/papers_100M_classification/data/papers100M/nodes_split/nodes_chunk_2.csv
  /data/coml-intersection-joins/kebl7757/ScalingGNNs/papers_100M_classification/data/papers100M/nodes_split/nodes_chunk_3.csv
  /data/coml-intersection-joins/kebl7757/ScalingGNNs/papers_100M_classification/data/papers100M/nodes_split/nodes_chunk_4.csv
  /data/coml-intersection-joins/kebl7757/ScalingGNNs/papers_100M_classification/data/papers100M/nodes_split/nodes_chunk_5.csv
  /data/coml-intersection-joins/kebl7757/ScalingGNNs/papers_100M_classification/data/papers100M/nodes_split/nodes_chunk_6.csv
  /data/coml-intersection-joins/kebl7757/ScalingGNNs/papers_100M_classification/data/papers100M/nodes_split/nodes_chunk_7.csv
  /data/coml-intersection-joins/kebl7757/ScalingGNNs/papers_100M_classification/data/papers100M/nodes_split/nodes_chunk_8.csv
  /data/coml-intersection-joins/kebl7757/ScalingGNNs/papers_100M_classification/data/papers100M/nodes_split/nodes_chunk_9.csv
  /data/coml-intersection-joins/kebl7757/ScalingGNNs/papers_100M_classification/data/papers100M/nodes_split/nodes_chunk_10.csv
  /data/coml-intersection-joins/kebl7757/ScalingGNNs/papers_100M_classification/data/papers100M/nodes_split/nodes_chunk_11.csv
  /data/coml-intersection-joins/kebl7757/ScalingGNNs/papers_100M_classification/data/papers100M/nodes_split/nodes_chunk_12.csv
  /data/coml-intersection-joins/kebl7757/ScalingGNNs/papers_100M_classification/data/papers100M/nodes_split/nodes_chunk_13.csv
  /data/coml-intersection-joins/kebl7757/ScalingGNNs/papers_100M_classification/data/papers100M/nodes_split/nodes_chunk_14.csv
  /data/coml-intersection-joins/kebl7757/ScalingGNNs/papers_100M_classification/data/papers100M/nodes_split/nodes_chunk_15.csv
  /data/coml-intersection-joins/kebl7757/ScalingGNNs/papers_100M_classification/data/papers100M/nodes_split/nodes_chunk_16.csv
  /data/coml-intersection-joins/kebl7757/ScalingGNNs/papers_100M_classification/data/papers100M/nodes_split/nodes_chunk_17.csv
  /data/coml-intersection-joins/kebl7757/ScalingGNNs/papers_100M_classification/data/papers100M/nodes_split/nodes_chunk_18.csv
  /data/coml-intersection-joins/kebl7757/ScalingGNNs/papers_100M_classification/data/papers100M/nodes_split/nodes_chunk_19.csv
  /data/coml-intersection-joins/kebl7757/ScalingGNNs/papers_100M_classification/data/papers100M/nodes_split/nodes_chunk_20.csv
  /data/coml-intersection-joins/kebl7757/ScalingGNNs/papers_100M_classification/data/papers100M/nodes_split/nodes_chunk_21.csv
  /data/coml-intersection-joins/kebl7757/ScalingGNNs/papers_100M_classification/data/papers100M/nodes_split/nodes_chunk_22.csv
  /data/coml-intersection-joins/kebl7757/ScalingGNNs/papers_100M_classification/data/papers100M/nodes_split/nodes_chunk_23.csv
  /data/coml-intersection-joins/kebl7757/ScalingGNNs/papers_100M_classification/data/papers100M/nodes_split/nodes_chunk_24.csv
  /data/coml-intersection-joins/kebl7757/ScalingGNNs/papers_100M_classification/data/papers100M/nodes_split/nodes_chunk_25.csv
  /data/coml-intersection-joins/kebl7757/ScalingGNNs/papers_100M_classification/data/papers100M/nodes_split/nodes_chunk_26.csv
  /data/coml-intersection-joins/kebl7757/ScalingGNNs/papers_100M_classification/data/papers100M/nodes_split/nodes_chunk_27.csv
  /data/coml-intersection-joins/kebl7757/ScalingGNNs/papers_100M_classification/data/papers100M/nodes_split/nodes_chunk_28.csv
  /data/coml-intersection-joins/kebl7757/ScalingGNNs/papers_100M_classification/data/papers100M/nodes_split/nodes_chunk_29.csv
  /data/coml-intersection-joins/kebl7757/ScalingGNNs/papers_100M_classification/data/papers100M/nodes_split/nodes_chunk_30.csv
  /data/coml-intersection-joins/kebl7757/ScalingGNNs/papers_100M_classification/data/papers100M/nodes_split/nodes_chunk_31.csv
  /data/coml-intersection-joins/kebl7757/ScalingGNNs/papers_100M_classification/data/papers100M/nodes_split/nodes_chunk_32.csv
  /data/coml-intersection-joins/kebl7757/ScalingGNNs/papers_100M_classification/data/papers100M/nodes_split/nodes_chunk_33.csv
  /data/coml-intersection-joins/kebl7757/ScalingGNNs/papers_100M_classification/data/papers100M/nodes_split/nodes_chunk_34.csv
  /data/coml-intersection-joins/kebl7757/ScalingGNNs/papers_100M_classification/data/papers100M/nodes_split/nodes_chunk_35.csv
  /data/coml-intersection-joins/kebl7757/ScalingGNNs/papers_100M_classification/data/papers100M/nodes_split/nodes_chunk_36.csv
  /data/coml-intersection-joins/kebl7757/ScalingGNNs/papers_100M_classification/data/papers100M/nodes_split/nodes_chunk_37.csv
  /data/coml-intersection-joins/kebl7757/ScalingGNNs/papers_100M_classification/data/papers100M/nodes_split/nodes_chunk_38.csv
  /data/coml-intersection-joins/kebl7757/ScalingGNNs/papers_100M_classification/data/papers100M/nodes_split/nodes_chunk_39.csv
  /data/coml-intersection-joins/kebl7757/ScalingGNNs/papers_100M_classification/data/papers100M/nodes_split/nodes_chunk_40.csv
  /data/coml-intersection-joins/kebl7757/ScalingGNNs/papers_100M_classification/data/papers100M/nodes_split/nodes_chunk_41.csv
  /data/coml-intersection-joins/kebl7757/ScalingGNNs/papers_100M_classification/data/papers100M/nodes_split/nodes_chunk_42.csv
  /data/coml-intersection-joins/kebl7757/ScalingGNNs/papers_100M_classification/data/papers100M/nodes_split/nodes_chunk_43.csv
  /data/coml-intersection-joins/kebl7757/ScalingGNNs/papers_100M_classification/data/papers100M/nodes_split/nodes_chunk_44.csv
  /data/coml-intersection-joins/kebl7757/ScalingGNNs/papers_100M_classification/data/papers100M/nodes_split/nodes_chunk_45.csv
  /data/coml-intersection-joins/kebl7757/ScalingGNNs/papers_100M_classification/data/papers100M/nodes_split/nodes_chunk_46.csv
  /data/coml-intersection-joins/kebl7757/ScalingGNNs/papers_100M_classification/data/papers100M/nodes_split/nodes_chunk_47.csv
  /data/coml-intersection-joins/kebl7757/ScalingGNNs/papers_100M_classification/data/papers100M/nodes_split/nodes_chunk_48.csv
  /data/coml-intersection-joins/kebl7757/ScalingGNNs/papers_100M_classification/data/papers100M/nodes_split/nodes_chunk_49.csv
  /data/coml-intersection-joins/kebl7757/ScalingGNNs/papers_100M_classification/data/papers100M/nodes_split/nodes_chunk_50.csv
  /data/coml-intersection-joins/kebl7757/ScalingGNNs/papers_100M_classification/data/papers100M/nodes_split/nodes_chunk_51.csv
  /data/coml-intersection-joins/kebl7757/ScalingGNNs/papers_100M_classification/data/papers100M/nodes_split/nodes_chunk_52.csv
  /data/coml-intersection-joins/kebl7757/ScalingGNNs/papers_100M_classification/data/papers100M/nodes_split/nodes_chunk_53.csv
  /data/coml-intersection-joins/kebl7757/ScalingGNNs/papers_100M_classification/data/papers100M/nodes_split/nodes_chunk_54.csv
  /data/coml-intersection-joins/kebl7757/ScalingGNNs/papers_100M_classification/data/papers100M/nodes_split/nodes_chunk_55.csv
  /data/coml-intersection-joins/kebl7757/ScalingGNNs/papers_100M_classification/data/papers100M/nodes_split/nodes_chunk_56.csv
  /data/coml-intersection-joins/kebl7757/ScalingGNNs/papers_100M_classification/data/papers100M/nodes_split/nodes_chunk_57.csv
  /data/coml-intersection-joins/kebl7757/ScalingGNNs/papers_100M_classification/data/papers100M/nodes_split/nodes_chunk_58.csv
  /data/coml-intersection-joins/kebl7757/ScalingGNNs/papers_100M_classification/data/papers100M/nodes_split/nodes_chunk_59.csv
  /data/coml-intersection-joins/kebl7757/ScalingGNNs/papers_100M_classification/data/papers100M/nodes_split/nodes_chunk_60.csv
  /data/coml-intersection-joins/kebl7757/ScalingGNNs/papers_100M_classification/data/papers100M/nodes_split/nodes_chunk_61.csv
  /data/coml-intersection-joins/kebl7757/ScalingGNNs/papers_100M_classification/data/papers100M/nodes_split/nodes_chunk_62.csv
  /data/coml-intersection-joins/kebl7757/ScalingGNNs/papers_100M_classification/data/papers100M/nodes_split/nodes_chunk_63.csv
  /data/coml-intersection-joins/kebl7757/ScalingGNNs/papers_100M_classification/data/papers100M/nodes_split/nodes_chunk_64.csv
  /data/coml-intersection-joins/kebl7757/ScalingGNNs/papers_100M_classification/data/papers100M/nodes_split/nodes_chunk_65.csv
  /data/coml-intersection-joins/kebl7757/ScalingGNNs/papers_100M_classification/data/papers100M/nodes_split/nodes_chunk_66.csv
  /data/coml-intersection-joins/kebl7757/ScalingGNNs/papers_100M_classification/data/papers100M/nodes_split/nodes_chunk_67.csv
  /data/coml-intersection-joins/kebl7757/ScalingGNNs/papers_100M_classification/data/papers100M/nodes_split/nodes_chunk_68.csv
  /data/coml-intersection-joins/kebl7757/ScalingGNNs/papers_100M_classification/data/papers100M/nodes_split/nodes_chunk_69.csv
  /data/coml-intersection-joins/kebl7757/ScalingGNNs/papers_100M_classification/data/papers100M/nodes_split/nodes_chunk_70.csv
  /data/coml-intersection-joins/kebl7757/ScalingGNNs/papers_100M_classification/data/papers100M/nodes_split/nodes_chunk_71.csv
  /data/coml-intersection-joins/kebl7757/ScalingGNNs/papers_100M_classification/data/papers100M/nodes_split/nodes_chunk_72.csv
  /data/coml-intersection-joins/kebl7757/ScalingGNNs/papers_100M_classification/data/papers100M/nodes_split/nodes_chunk_73.csv
  /data/coml-intersection-joins/kebl7757/ScalingGNNs/papers_100M_classification/data/papers100M/nodes_split/nodes_chunk_74.csv
  /data/coml-intersection-joins/kebl7757/ScalingGNNs/papers_100M_classification/data/papers100M/nodes_split/nodes_chunk_75.csv
  /data/coml-intersection-joins/kebl7757/ScalingGNNs/papers_100M_classification/data/papers100M/nodes_split/nodes_chunk_76.csv
  /data/coml-intersection-joins/kebl7757/ScalingGNNs/papers_100M_classification/data/papers100M/nodes_split/nodes_chunk_77.csv
  /data/coml-intersection-joins/kebl7757/ScalingGNNs/papers_100M_classification/data/papers100M/nodes_split/nodes_chunk_78.csv
  /data/coml-intersection-joins/kebl7757/ScalingGNNs/papers_100M_classification/data/papers100M/nodes_split/nodes_chunk_79.csv
  /data/coml-intersection-joins/kebl7757/ScalingGNNs/papers_100M_classification/data/papers100M/nodes_split/nodes_chunk_80.csv
  /data/coml-intersection-joins/kebl7757/ScalingGNNs/papers_100M_classification/data/papers100M/nodes_split/nodes_chunk_81.csv
  /data/coml-intersection-joins/kebl7757/ScalingGNNs/papers_100M_classification/data/papers100M/nodes_split/nodes_chunk_82.csv
  /data/coml-intersection-joins/kebl7757/ScalingGNNs/papers_100M_classification/data/papers100M/nodes_split/nodes_chunk_83.csv
  /data/coml-intersection-joins/kebl7757/ScalingGNNs/papers_100M_classification/data/papers100M/nodes_split/nodes_chunk_84.csv
  /data/coml-intersection-joins/kebl7757/ScalingGNNs/papers_100M_classification/data/papers100M/nodes_split/nodes_chunk_85.csv
  /data/coml-intersection-joins/kebl7757/ScalingGNNs/papers_100M_classification/data/papers100M/nodes_split/nodes_chunk_86.csv
  /data/coml-intersection-joins/kebl7757/ScalingGNNs/papers_100M_classification/data/papers100M/nodes_split/nodes_chunk_87.csv
  /data/coml-intersection-joins/kebl7757/ScalingGNNs/papers_100M_classification/data/papers100M/nodes_split/nodes_chunk_88.csv
  /data/coml-intersection-joins/kebl7757/ScalingGNNs/papers_100M_classification/data/papers100M/nodes_split/nodes_chunk_89.csv
  /data/coml-intersection-joins/kebl7757/ScalingGNNs/papers_100M_classification/data/papers100M/nodes_split/nodes_chunk_90.csv
  /data/coml-intersection-joins/kebl7757/ScalingGNNs/papers_100M_classification/data/papers100M/nodes_split/nodes_chunk_91.csv
  /data/coml-intersection-joins/kebl7757/ScalingGNNs/papers_100M_classification/data/papers100M/nodes_split/nodes_chunk_92.csv
  /data/coml-intersection-joins/kebl7757/ScalingGNNs/papers_100M_classification/data/papers100M/nodes_split/nodes_chunk_93.csv
  /data/coml-intersection-joins/kebl7757/ScalingGNNs/papers_100M_classification/data/papers100M/nodes_split/nodes_chunk_94.csv
  /data/coml-intersection-joins/kebl7757/ScalingGNNs/papers_100M_classification/data/papers100M/nodes_split/nodes_chunk_95.csv
  /data/coml-intersection-joins/kebl7757/ScalingGNNs/papers_100M_classification/data/papers100M/nodes_split/nodes_chunk_96.csv
  /data/coml-intersection-joins/kebl7757/ScalingGNNs/papers_100M_classification/data/papers100M/nodes_split/nodes_chunk_97.csv
  /data/coml-intersection-joins/kebl7757/ScalingGNNs/papers_100M_classification/data/papers100M/nodes_split/nodes_chunk_98.csv
  /data/coml-intersection-joins/kebl7757/ScalingGNNs/papers_100M_classification/data/papers100M/nodes_split/nodes_chunk_99.csv
  /data/coml-intersection-joins/kebl7757/ScalingGNNs/papers_100M_classification/data/papers100M/nodes_split/nodes_chunk_100.csv
  /data/coml-intersection-joins/kebl7757/ScalingGNNs/papers_100M_classification/data/papers100M/nodes_split/nodes_chunk_101.csv
  /data/coml-intersection-joins/kebl7757/ScalingGNNs/papers_100M_classification/data/papers100M/nodes_split/nodes_chunk_102.csv
  /data/coml-intersection-joins/kebl7757/ScalingGNNs/papers_100M_classification/data/papers100M/nodes_split/nodes_chunk_103.csv
  /data/coml-intersection-joins/kebl7757/ScalingGNNs/papers_100M_classification/data/papers100M/nodes_split/nodes_chunk_104.csv
  /data/coml-intersection-joins/kebl7757/ScalingGNNs/papers_100M_classification/data/papers100M/nodes_split/nodes_chunk_105.csv
  /data/coml-intersection-joins/kebl7757/ScalingGNNs/papers_100M_classification/data/papers100M/nodes_split/nodes_chunk_106.csv
  /data/coml-intersection-joins/kebl7757/ScalingGNNs/papers_100M_classification/data/papers100M/nodes_split/nodes_chunk_107.csv
  /data/coml-intersection-joins/kebl7757/ScalingGNNs/papers_100M_classification/data/papers100M/nodes_split/nodes_chunk_108.csv
  /data/coml-intersection-joins/kebl7757/ScalingGNNs/papers_100M_classification/data/papers100M/nodes_split/nodes_chunk_109.csv
  /data/coml-intersection-joins/kebl7757/ScalingGNNs/papers_100M_classification/data/papers100M/nodes_split/nodes_chunk_110.csv
  /data/coml-intersection-joins/kebl7757/ScalingGNNs/papers_100M_classification/data/papers100M/nodes_split/nodes_chunk_111.csv

Relationships:
  CITES:
  /data/coml-intersection-joins/kebl7757/ScalingGNNs/papers_100M_classification/data/papers100M/edge_idx_split/_edge_header.csv
  /data/coml-intersection-joins/kebl7757/ScalingGNNs/papers_100M_classification/data/papers100M/edge_idx_split/split_0.csv
  /data/coml-intersection-joins/kebl7757/ScalingGNNs/papers_100M_classification/data/papers100M/edge_idx_split/split_aa.csv
  /data/coml-intersection-joins/kebl7757/ScalingGNNs/papers_100M_classification/data/papers100M/edge_idx_split/split_ab.csv
  /data/coml-intersection-joins/kebl7757/ScalingGNNs/papers_100M_classification/data/papers100M/edge_idx_split/split_ac.csv
  /data/coml-intersection-joins/kebl7757/ScalingGNNs/papers_100M_classification/data/papers100M/edge_idx_split/split_ad.csv
  /data/coml-intersection-joins/kebl7757/ScalingGNNs/papers_100M_classification/data/papers100M/edge_idx_split/split_ae.csv
  /data/coml-intersection-joins/kebl7757/ScalingGNNs/papers_100M_classification/data/papers100M/edge_idx_split/split_af.csv
  /data/coml-intersection-joins/kebl7757/ScalingGNNs/papers_100M_classification/data/papers100M/edge_idx_split/split_ag.csv
  /data/coml-intersection-joins/kebl7757/ScalingGNNs/papers_100M_classification/data/papers100M/edge_idx_split/split_ah.csv
  /data/coml-intersection-joins/kebl7757/ScalingGNNs/papers_100M_classification/data/papers100M/edge_idx_split/split_ai.csv
  /data/coml-intersection-joins/kebl7757/ScalingGNNs/papers_100M_classification/data/papers100M/edge_idx_split/split_aj.csv
  /data/coml-intersection-joins/kebl7757/ScalingGNNs/papers_100M_classification/data/papers100M/edge_idx_split/split_ak.csv
  /data/coml-intersection-joins/kebl7757/ScalingGNNs/papers_100M_classification/data/papers100M/edge_idx_split/split_al.csv
  /data/coml-intersection-joins/kebl7757/ScalingGNNs/papers_100M_classification/data/papers100M/edge_idx_split/split_am.csv
  /data/coml-intersection-joins/kebl7757/ScalingGNNs/papers_100M_classification/data/papers100M/edge_idx_split/split_an.csv
  /data/coml-intersection-joins/kebl7757/ScalingGNNs/papers_100M_classification/data/papers100M/edge_idx_split/split_ao.csv
  /data/coml-intersection-joins/kebl7757/ScalingGNNs/papers_100M_classification/data/papers100M/edge_idx_split/split_ap.csv
  /data/coml-intersection-joins/kebl7757/ScalingGNNs/papers_100M_classification/data/papers100M/edge_idx_split/split_aq.csv
  /data/coml-intersection-joins/kebl7757/ScalingGNNs/papers_100M_classification/data/papers100M/edge_idx_split/split_ar.csv
  /data/coml-intersection-joins/kebl7757/ScalingGNNs/papers_100M_classification/data/papers100M/edge_idx_split/split_as.csv
  /data/coml-intersection-joins/kebl7757/ScalingGNNs/papers_100M_classification/data/papers100M/edge_idx_split/split_at.csv
  /data/coml-intersection-joins/kebl7757/ScalingGNNs/papers_100M_classification/data/papers100M/edge_idx_split/split_au.csv
  /data/coml-intersection-joins/kebl7757/ScalingGNNs/papers_100M_classification/data/papers100M/edge_idx_split/split_av.csv
  /data/coml-intersection-joins/kebl7757/ScalingGNNs/papers_100M_classification/data/papers100M/edge_idx_split/split_aw.csv
  /data/coml-intersection-joins/kebl7757/ScalingGNNs/papers_100M_classification/data/papers100M/edge_idx_split/split_ax.csv
  /data/coml-intersection-joins/kebl7757/ScalingGNNs/papers_100M_classification/data/papers100M/edge_idx_split/split_ay.csv
  /data/coml-intersection-joins/kebl7757/ScalingGNNs/papers_100M_classification/data/papers100M/edge_idx_split/split_az.csv
  /data/coml-intersection-joins/kebl7757/ScalingGNNs/papers_100M_classification/data/papers100M/edge_idx_split/split_ba.csv
  /data/coml-intersection-joins/kebl7757/ScalingGNNs/papers_100M_classification/data/papers100M/edge_idx_split/split_bb.csv


Available resources:
  Total machine memory: 128.0GiB
  Free machine memory: 126.6GiB
  Max heap memory : 26.67GiB
  Max worker threads: 32
  Configured max memory: 99.36GiB
  High parallel IO: true


Import starting 2024-07-04 23:28:53.832+0100
  Estimated number of nodes: 111.06 M
  Estimated number of node properties: 334.72 M
  Estimated number of relationships: 1.63 G
  Estimated number of relationship properties: 0.00 
  Estimated disk space usage: 193.9GiB
  Estimated required memory usage: 2.475GiB

(1/4) Node import 2024-07-04 23:28:53.839+0100
  Estimated number of nodes: 111.06 M
  Estimated disk space usage: 142.5GiB
  Estimated required memory usage: 2.475GiB
.......... .......... .......... .......... ..........   5% ∆2m 6s 777ms [2m 6s 777ms]
.......... .......... .......... .......... ..........  10% ∆2m 12s 84ms [4m 18s 862ms]
.......... .......... .......... .......... ..........  15% ∆2m 11s 206ms [6m 30s 69ms]
.......... .......... .......... .......... ..........  20% ∆2m 19s 127ms [8m 49s 197ms]
.......... .......... .......... .......... ..........  25% ∆2m 10s 143ms [10m 59s 340ms]
.......... .......... .......... .......... ..........  30% ∆2m 34s 826ms [13m 34s 167ms]
.......... .......... .......... ...-...... ..........  35% ∆1m 21s 869ms [14m 56s 36ms]
.......... .......... .......... .......... ..........  40% ∆1s 11ms [14m 57s 48ms]
.......... .......... .......... .......... ..........  45% ∆1s 11ms [14m 58s 59ms]
.......... .......... .......... .......... ..........  50% ∆2s 629ms [15m 689ms]
.......... .......... .......... .......... ..........  55% ∆1s 645ms [15m 2s 335ms]
.......... .......... .......... .......... ..........  60% ∆1s 617ms [15m 3s 953ms]
.......... .......... .......... .......... ..........  65% ∆1s 608ms [15m 5s 561ms]
.......... .......... .......... .......... ..........  70% ∆1s 406ms [15m 6s 967ms]
.......... .......... .......... .......... ..........  75% ∆1s 361ms [15m 8s 328ms]
.......... .......... .......... .......... ..........  80% ∆200ms [15m 8s 529ms]
.......... .......... .......... .......... ..........  85% ∆441ms [15m 8s 970ms]
.......... .......... .......... .......... ..........  90% ∆0ms [15m 8s 971ms]
.......... .......... .......... .......... ..........  95% ∆0ms [15m 8s 971ms]
.......... .......... .......... .......... .......... 100% ∆0ms [15m 8s 971ms]
Node import COMPLETED in 15m 8s 973ms

(2/4) Relationship import 2024-07-04 23:44:02.812+0100
  Estimated number of relationships: 1.63 G
  Estimated disk space usage: 51.48GiB
  Estimated required memory usage: 2.246GiB
.......... .......... .......... .......... ..........   5% ∆46s 86ms [46s 86ms]
.......... .......... .......... .......... ..........  10% ∆19s 544ms [1m 5s 631ms]
.......... .......... .......... .......... ..........  15% ∆17s 794ms [1m 23s 426ms]
.......... .......... .......... .......... ..........  20% ∆16s 169ms [1m 39s 596ms]
.......... .......... .......... .......... ..........  25% ∆17s 689ms [1m 57s 285ms]
.......... .......... .......... .......... ..........  30% ∆22s 113ms [2m 19s 399ms]
.......... .......... .......... .......... ..........  35% ∆13s 841ms [2m 33s 241ms]
.......... .......... .......... .......... ..........  40% ∆13s 929ms [2m 47s 170ms]
.......... .......... .......... .......... ..........  45% ∆16s 360ms [3m 3s 531ms]
.......... .......... .......... .......... ..........  50% ∆15s 936ms [3m 19s 468ms]
.......... .......... .......... .......... ..........  55% ∆13s 305ms [3m 32s 773ms]
.......... .......... .......... .......... ..........  60% ∆14s 61ms [3m 46s 834ms]
.......... .......... .......... .......... ..........  65% ∆19s 898ms [4m 6s 733ms]
.......... .......... .......... .......... ..........  70% ∆17s 374ms [4m 24s 107ms]
.......... .......... .......... .......... ..........  75% ∆15s 526ms [4m 39s 634ms]
.......... .......... .......... .......... ..........  80% ∆17s 109ms [4m 56s 743ms]
.......... .......... .......... .......... ..........  85% ∆14s 422ms [5m 11s 165ms]
.......... .......... .......... .......... ..........  90% ∆14s 759ms [5m 25s 925ms]
.......... .......... .......... .......... ..........  95% ∆17s 979ms [5m 43s 904ms]
.......... .......... .......... .......... .......... 100% ∆14s 610ms [5m 58s 515ms]
Relationship import COMPLETED in 5m 58s 516ms

(3/4) Relationship linking 2024-07-04 23:50:01.328+0100
  Estimated required memory usage: 2.134GiB
.......... .......... .......... .......... ..........   5% ∆32s 654ms [32s 654ms]
.......... .......... .......... .......... ..........  10% ∆26s 418ms [59s 72ms]
.......... .......... .......... .......... ..........  15% ∆26s 415ms [1m 25s 487ms]
.......... .......... .......... .......... .........-  20% ∆23s 481ms [1m 48s 969ms]
.......... .......... .......... .......... ..........  25% ∆43s 824ms [2m 32s 794ms]
.......... .......... .......... .......... ..........  30% ∆25s 597ms [2m 58s 391ms]
.......... .......... .......... .......... ..........  35% ∆26s 614ms [3m 25s 6ms]
.......... .......... .......... .......... ..........  40% ∆25s 614ms [3m 50s 620ms]
.......... .......... .......... .......... ..........  45% ∆43s 221ms [4m 33s 841ms]
.......... .......... .......... .......... ..........  50% ∆25s 813ms [4m 59s 655ms]
.......... .......... .......... .......... ..........  55% ∆26s 414ms [5m 26s 69ms]
.......... .......... .......... .......... ........-.  60% ∆59s 13ms [6m 25s 82ms]
.......... .......... .......... .......... ..........  65% ∆39s 284ms [7m 4s 367ms]
.......... .......... .......... .......... ..........  70% ∆27s 419ms [7m 31s 786ms]
.......... .......... .......... .......... ..........  75% ∆44s 223ms [8m 16s 10ms]
.......... .......... .......... .......... ..........  80% ∆28s 15ms [8m 44s 26ms]
.......... .......... .......... .......... ..........  85% ∆29s 216ms [9m 13s 242ms]
.......... .......... .......... .......... ..........  90% ∆45s 822ms [9m 59s 65ms]
.......... .......... .......... .......... ..........  95% ∆27s 815ms [10m 26s 880ms]
.......... .......... .......... .......... .......... 100% ∆26s 430ms [10m 53s 310ms]
Relationship linking COMPLETED in 10m 53s 311ms

(4/4) Post processing 2024-07-05 00:00:54.639+0100
  Estimated required memory usage: 1020MiB
.........- .........- .........- .......... ..........   5% ∆27s 189ms [27s 189ms]
.......... .......... .......... ........-. ..........  10% ∆9s 544ms [36s 734ms]
.......... .......... .......... .......... ..........  15% ∆7s 204ms [43s 938ms]
.......... .......... .......... .......... ..........  20% ∆17s 808ms [1m 1s 747ms]
.......... .......... .......... .......... ..........  25% ∆6s 3ms [1m 7s 751ms]
.......... .......... .......... .......... ..........  30% ∆6s 3ms [1m 13s 754ms]
.......... .......... .......... .......... ..........  35% ∆4s 602ms [1m 18s 357ms]
.......... .......... .......... .......... ..........  40% ∆7s 603ms [1m 25s 961ms]
.......... .......... .......... .......... ..........  45% ∆6s 403ms [1m 32s 364ms]
.......... .......... .......... .......... ..........  50% ∆6s 403ms [1m 38s 768ms]
.......... .......... .......... .......... ..........  55% ∆6s 603ms [1m 45s 371ms]
.......... .......... .......... .......... ..........  60% ∆5s 402ms [1m 50s 774ms]
.......... .......... .......... .......... ..........  65% ∆8s 404ms [1m 59s 179ms]
.......... .......... .......... .......... ..........  70% ∆7s 403ms [2m 6s 583ms]
.......... .......... .......... .......... ..........  75% ∆7s 407ms [2m 13s 990ms]
.......... .......... .......... .......... ..........  80% ∆4s 402ms [2m 18s 393ms]
.......... .......... .......... .......... ..........  85% ∆7s 403ms [2m 25s 797ms]
.......... .......... .......... .......... ..........  90% ∆4s 602ms [2m 30s 399ms]
.......... .......... .......... .......... ..........  95% ∆5s 807ms [2m 36s 206ms]
.......... .......... .......... .......... .......... 100% ∆9s 208ms [2m 45s 415ms]
Post processing COMPLETED in 2m 45s 416ms


IMPORT DONE in 35m 18s 684ms. 
Imported:
  111059956 nodes
  1615685872 relationships
  334726650 properties
Peak memory usage: 2.684GiB
sending incremental file list
data/databases/
data/databases/papers100m/
data/databases/papers100m/database_lock
data/databases/papers100m/neostore
data/databases/papers100m/neostore.counts.db
data/databases/papers100m/neostore.labeltokenstore.db
data/databases/papers100m/neostore.labeltokenstore.db.id
data/databases/papers100m/neostore.labeltokenstore.db.names
data/databases/papers100m/neostore.labeltokenstore.db.names.id
data/databases/papers100m/neostore.nodestore.db
data/databases/papers100m/neostore.nodestore.db.id
data/databases/papers100m/neostore.nodestore.db.labels
data/databases/papers100m/neostore.nodestore.db.labels.id
data/databases/papers100m/neostore.propertystore.db
data/databases/papers100m/neostore.propertystore.db.arrays
data/databases/papers100m/neostore.propertystore.db.arrays.id
data/databases/papers100m/neostore.propertystore.db.id
data/databases/papers100m/neostore.propertystore.db.index
data/databases/papers100m/neostore.propertystore.db.index.id
data/databases/papers100m/neostore.propertystore.db.index.keys
data/databases/papers100m/neostore.propertystore.db.index.keys.id
data/databases/papers100m/neostore.propertystore.db.strings
data/databases/papers100m/neostore.propertystore.db.strings.id
data/databases/papers100m/neostore.relationshipgroupstore.db
data/databases/papers100m/neostore.relationshipgroupstore.db.id
data/databases/papers100m/neostore.relationshipgroupstore.degrees.db
data/databases/papers100m/neostore.relationshipstore.db
data/databases/papers100m/neostore.relationshipstore.db.id
data/databases/papers100m/neostore.relationshiptypestore.db
data/databases/papers100m/neostore.relationshiptypestore.db.id
data/databases/papers100m/neostore.relationshiptypestore.db.names
data/databases/papers100m/neostore.relationshiptypestore.db.names.id
data/databases/papers100m/neostore.schemastore.db
data/databases/papers100m/neostore.schemastore.db.id
data/databases/papers100m/schema/
data/databases/papers100m/schema/index/
data/databases/papers100m/schema/index/token-lookup-1.0/
data/databases/papers100m/schema/index/token-lookup-1.0/1/
data/databases/papers100m/schema/index/token-lookup-1.0/1/index-1
data/databases/papers100m/schema/index/token-lookup-1.0/2/
data/databases/papers100m/schema/index/token-lookup-1.0/2/index-2
data/transactions/
data/transactions/papers100m/
data/transactions/papers100m/checkpoint.0
data/transactions/papers100m/neostore.transaction.db.0
logs/debug.log

sent 210,641,493,547 bytes  received 803 bytes  392,621,611.09 bytes/sec
total size is 211,269,197,810  speedup is 1.00
